<?xml version="1.0" encoding="UTF-8"?>
<!-- Generated by org.testng.reporters.JUnitReportReporter -->
<testsuite skipped="1" hostname="Shivansh-PC" name="testng.HardNSoftAssert" tests="2" failures="1" timestamp="19 Dec 2022 15:17:51 GMT" time="18.462" errors="0">
  <testcase name="verifyValidLogin" time="18.462" classname="testng.HardNSoftAssert">
    <failure type="java.lang.AssertionError" message="expected [Login Successfull] but found [Login Successfully]">
      <![CDATA[java.lang.AssertionError: expected [Login Successfull] but found [Login Successfully]
at org.testng.Assert.fail(Assert.java:96)
at org.testng.Assert.failNotEquals(Assert.java:776)
at org.testng.Assert.assertEqualsImpl(Assert.java:137)
at org.testng.Assert.assertEquals(Assert.java:118)
at org.testng.Assert.assertEquals(Assert.java:453)
at org.testng.Assert.assertEquals(Assert.java:463)
at testng.HardNSoftAssert.verifyValidLogin(HardNSoftAssert.java:37)
at sun.reflect.NativeMethodAccessorImpl.invoke0(Native Method)
at sun.reflect.NativeMethodAccessorImpl.invoke(NativeMethodAccessorImpl.java:62)
at sun.reflect.DelegatingMethodAccessorImpl.invoke(DelegatingMethodAccessorImpl.java:43)
at java.lang.reflect.Method.invoke(Method.java:498)
at org.testng.internal.MethodInvocationHelper.invokeMethod(MethodInvocationHelper.java:124)
at org.testng.internal.Invoker.invokeMethod(Invoker.java:580)
at org.testng.internal.Invoker.invokeTestMethod(Invoker.java:716)
at org.testng.internal.Invoker.invokeTestMethods(Invoker.java:988)
at org.testng.internal.TestMethodWorker.invokeTestMethods(TestMethodWorker.java:125)
at org.testng.internal.TestMethodWorker.run(TestMethodWorker.java:109)
at java.util.concurrent.ThreadPoolExecutor.runWorker(ThreadPoolExecutor.java:1142)
at java.util.concurrent.ThreadPoolExecutor$Worker.run(ThreadPoolExecutor.java:617)
at java.lang.Thread.run(Thread.java:745)
]]>
    </failure>
  </testcase> <!-- verifyValidLogin -->
  <testcase name="verifyRegisterPageTitle" classname="testng.HardNSoftAssert">
    <skipped/>
  </testcase> <!-- verifyRegisterPageTitle -->
</testsuite> <!-- testng.HardNSoftAssert -->
