<?xml version="1.0" encoding="UTF-8"?>
<!-- Generated by org.testng.reporters.JUnitReportReporter -->
<testsuite skipped="0" hostname="Shivansh-PC" name="com.prm.testcase.LoginFunctinality" tests="2" failures="0" timestamp="19 Dec 2022 15:40:58 GMT" time="21.758" errors="0">
  <testcase name="verifyValidLogin" time="14.165" classname="com.prm.testcase.LoginFunctinality"/>
  <testcase name="verifyTest" time="7.593" classname="com.prm.testcase.LoginFunctinality"/>
</testsuite> <!-- com.prm.testcase.LoginFunctinality -->
