<?xml version="1.0" encoding="UTF-8"?>
<!-- Generated by org.testng.reporters.JUnitReportReporter -->
<testsuite hostname="Shivansh-PC" name="com.prm.testcase.LoginFunctinality" tests="2" failures="0" timestamp="19 Dec 2022 15:53:50 GMT" time="21.839" errors="0">
  <testcase name="verifyTest" time="8.289" classname="com.prm.testcase.LoginFunctinality"/>
  <testcase name="verifyValidLogin" time="13.550" classname="com.prm.testcase.LoginFunctinality"/>
</testsuite> <!-- com.prm.testcase.LoginFunctinality -->
